<?xml version="1.0" encoding="UTF-8"?>
<testng-results ignored="0" total="1" passed="1" failed="0" skipped="0">
  <reporter-output>
  </reporter-output>
  <suite started-at="2023-04-25T17:34:25 IST" name="Default suite" finished-at="2023-04-25T17:34:31 IST" duration-ms="5853">
    <groups>
      <group name="cucumber">
        <method signature="AbstractTestNGCucumberTests.runScenario(io.cucumber.testng.PickleWrapper,io.cucumber.testng.FeatureWrapper)[pri:0, instance:runner.RunCucumber@4d1c005e]" name="runScenario" class="io.cucumber.testng.AbstractTestNGCucumberTests"/>
      </group> <!-- cucumber -->
    </groups>
    <test started-at="2023-04-25T17:34:25 IST" name="Default test" finished-at="2023-04-25T17:34:31 IST" duration-ms="5853">
      <class name="runner.RunCucumber">
        <test-method is-config="true" signature="setUpClass(org.testng.ITestContext)[pri:0, instance:runner.RunCucumber@4d1c005e]" started-at="2023-04-25T17:34:25 IST" name="setUpClass" finished-at="2023-04-25T17:34:25 IST" duration-ms="367" status="PASS">
          <params>
            <param index="0">
              <value>
                <![CDATA[org.testng.TestRunner@542f6803]]>
              </value>
            </param>
          </params>
          <reporter-output>
          </reporter-output>
        </test-method> <!-- setUpClass -->
        <test-method signature="runScenario(io.cucumber.testng.PickleWrapper,io.cucumber.testng.FeatureWrapper)[pri:0, instance:runner.RunCucumber@4d1c005e]" started-at="2023-04-25T17:34:25 IST" name="runScenario" description="Runs Cucumber Scenarios" data-provider="scenarios" finished-at="2023-04-25T17:34:31 IST" duration-ms="5436" status="PASS">
          <params>
            <param index="0">
              <value>
                <![CDATA["Login to the facebook website"]]>
              </value>
            </param>
            <param index="1">
              <value>
                <![CDATA["Login Feature"]]>
              </value>
            </param>
          </params>
          <reporter-output>
          </reporter-output>
        </test-method> <!-- runScenario -->
        <test-method is-config="true" signature="tearDownClass()[pri:0, instance:runner.RunCucumber@4d1c005e]" started-at="2023-04-25T17:34:31 IST" name="tearDownClass" finished-at="2023-04-25T17:34:31 IST" duration-ms="24" status="PASS">
          <reporter-output>
          </reporter-output>
        </test-method> <!-- tearDownClass -->
      </class> <!-- runner.RunCucumber -->
    </test> <!-- Default test -->
  </suite> <!-- Default suite -->
</testng-results>
